<?xml version="1.0" encoding="UTF-8"?>
<testsuite xmlns:xsi="http://www.w3.org/2001/XMLSchema-instance" xsi:noNamespaceSchemaLocation="https://maven.apache.org/surefire/maven-surefire-plugin/xsd/surefire-test-report.xsd" name="TestSuite" time="130.765" tests="5" errors="0" skipped="0" failures="3">
  <properties>
[...]
</properties>
  <testcase name="checkUrl" classname="com.vis.testcases.HomePageTest" time="0.01"/>
  <testcase name="signinbutton" classname="com.vis.testcases.HomePageTest" time="1.141"/>
  <testcase name="signuser" classname="com.vis.testcases.SinginPageTest" time="19.086">
    <failure message="Expected condition failed: waiting for presence of element located by: By.xpath: //div[@id=&apos;owaSearchBox&apos;] (tried for 10 second(s) with 500 milliseconds interval)" type="org.openqa.selenium.TimeoutException">org.openqa.selenium.TimeoutException: Expected condition failed: waiting for presence of element located by: By.xpath: //div[@id='owaSearchBox'] (tried for 10 second(s) with 500 milliseconds interval)
	at com.vis.testcases.SinginPageTest.signuser(SinginPageTest.java:46)
Caused by: org.openqa.selenium.NoSuchElementException: 
Cannot locate an element using By.xpath: //div[@id='owaSearchBox']
For documentation on this error, please visit: http://seleniumhq.org/exceptions/no_such_element.html
Build info: version: '3.13.0', revision: '2f0d292', time: '2018-06-25T15:24:21.231Z'
System info: host: 'AG496', ip: '192.168.1.16', os.name: 'Windows 8.1', os.arch: 'amd64', os.version: '6.3', java.version: '14'
Driver info: driver.version: unknown
	at com.vis.testcases.SinginPageTest.signuser(SinginPageTest.java:46)
</failure>
    <system-err><![CDATA[Starting ChromeDriver 81.0.4044.69 (6813546031a4bc83f717a2ef7cd4ac6ec1199132-refs/branch-heads/4044@{#776}) on port 19810
Only local connections are allowed.
Please protect ports used by ChromeDriver and related test frameworks to prevent access by malicious code.
Apr 25, 2020 9:24:25 PM org.openqa.selenium.remote.ProtocolHandshake createSession
INFO: Detected dialect: W3C
[1587842666.198][SEVERE]: Timed out receiving message from renderer: 0.100
[1587842666.300][SEVERE]: Timed out receiving message from renderer: 0.100
[1587842666.402][SEVERE]: Timed out receiving message from renderer: 0.100
[1587842666.505][SEVERE]: Timed out receiving message from renderer: 0.100
[1587842666.607][SEVERE]: Timed out receiving message from renderer: 0.100
[1587842666.709][SEVERE]: Timed out receiving message from renderer: 0.100
[1587842666.888][SEVERE]: Timed out receiving message from renderer: 0.100
[1587842672.272][SEVERE]: Timed out receiving message from renderer: 0.100
[1587842672.378][SEVERE]: Timed out receiving message from renderer: 0.100
[1587842672.519][SEVERE]: Timed out receiving message from renderer: 0.100
[1587842672.621][SEVERE]: Timed out receiving message from renderer: 0.100
[1587842672.741][SEVERE]: Timed out receiving message from renderer: 0.100
[1587842672.843][SEVERE]: Timed out receiving message from renderer: 0.100
[1587842672.945][SEVERE]: Timed out receiving message from renderer: 0.100
[1587842673.050][SEVERE]: Timed out receiving message from renderer: 0.100
]]></system-err>
  </testcase>
  <testcase name="sendmail" classname="com.vis.testcases.mailPageTest" time="19.988">
    <failure message="Expected condition failed: waiting for presence of element located by: By.xpath: //div[@id=&apos;owaSearchBox&apos;] (tried for 10 second(s) with 500 milliseconds interval)" type="org.openqa.selenium.TimeoutException">org.openqa.selenium.TimeoutException: Expected condition failed: waiting for presence of element located by: By.xpath: //div[@id='owaSearchBox'] (tried for 10 second(s) with 500 milliseconds interval)
	at com.vis.testcases.mailPageTest.sendmail(mailPageTest.java:49)
Caused by: org.openqa.selenium.NoSuchElementException: 
Cannot locate an element using By.xpath: //div[@id='owaSearchBox']
For documentation on this error, please visit: http://seleniumhq.org/exceptions/no_such_element.html
Build info: version: '3.13.0', revision: '2f0d292', time: '2018-06-25T15:24:21.231Z'
System info: host: 'AG496', ip: '192.168.1.16', os.name: 'Windows 8.1', os.arch: 'amd64', os.version: '6.3', java.version: '14'
Driver info: driver.version: unknown
	at com.vis.testcases.mailPageTest.sendmail(mailPageTest.java:49)
</failure>
    <system-err><![CDATA[Starting ChromeDriver 81.0.4044.69 (6813546031a4bc83f717a2ef7cd4ac6ec1199132-refs/branch-heads/4044@{#776}) on port 29259
Only local connections are allowed.
Please protect ports used by ChromeDriver and related test frameworks to prevent access by malicious code.
Apr 25, 2020 9:24:58 PM org.openqa.selenium.remote.ProtocolHandshake createSession
INFO: Detected dialect: W3C
[1587842698.857][SEVERE]: Timed out receiving message from renderer: 0.100
[1587842698.959][SEVERE]: Timed out receiving message from renderer: 0.100
[1587842699.062][SEVERE]: Timed out receiving message from renderer: 0.100
[1587842699.164][SEVERE]: Timed out receiving message from renderer: 0.100
[1587842699.266][SEVERE]: Timed out receiving message from renderer: 0.100
[1587842699.368][SEVERE]: Timed out receiving message from renderer: 0.100
[1587842699.470][SEVERE]: Timed out receiving message from renderer: 0.100
]]></system-err>
  </testcase>
  <testcase name="recivemessage" classname="com.vis.testcases.recivemessagae" time="29.052">
    <failure message="no such element: Unable to locate element: {&quot;method&quot;:&quot;xpath&quot;,&quot;selector&quot;:&quot;(//div[@class=&apos;_1xP-XmXM1GGHpRKCCeOKjP&apos;])[1]&quot;}&#10;  (Session info: chrome=81.0.4044.122)&#10;For documentation on this error, please visit: http://seleniumhq.org/exceptions/no_such_element.html&#10;Build info: version: &apos;3.13.0&apos;, revision: &apos;2f0d292&apos;, time: &apos;2018-06-25T15:24:21.231Z&apos;&#10;System info: host: &apos;AG496&apos;, ip: &apos;192.168.1.16&apos;, os.name: &apos;Windows 8.1&apos;, os.arch: &apos;amd64&apos;, os.version: &apos;6.3&apos;, java.version: &apos;14&apos;&#10;Driver info: org.openqa.selenium.chrome.ChromeDriver&#10;Capabilities {acceptInsecureCerts: false, browserName: chrome, browserVersion: 81.0.4044.122, chrome: {chromedriverVersion: 81.0.4044.69 (6813546031a4b..., userDataDir: C:\Users\AMG496\AppData\Loc...}, goog:chromeOptions: {debuggerAddress: localhost:57524}, javascriptEnabled: true, networkConnectionEnabled: false, pageLoadStrategy: normal, platform: WINDOWS, platformName: WINDOWS, proxy: Proxy(), setWindowRect: true, strictFileInteractability: false, timeouts: {implicit: 0, pageLoad: 300000, script: 30000}, unhandledPromptBehavior: dismiss and notify, webauthn:virtualAuthenticators: true}&#10;Session ID: 8fbba48b6e0279baf2131c405e809858&#10;*** Element info: {Using=xpath, value=(//div[@class=&apos;_1xP-XmXM1GGHpRKCCeOKjP&apos;])[1]}" type="org.openqa.selenium.NoSuchElementException">org.openqa.selenium.NoSuchElementException: 
no such element: Unable to locate element: {"method":"xpath","selector":"(//div[@class='_1xP-XmXM1GGHpRKCCeOKjP'])[1]"}
  (Session info: chrome=81.0.4044.122)
For documentation on this error, please visit: http://seleniumhq.org/exceptions/no_such_element.html
Build info: version: '3.13.0', revision: '2f0d292', time: '2018-06-25T15:24:21.231Z'
System info: host: 'AG496', ip: '192.168.1.16', os.name: 'Windows 8.1', os.arch: 'amd64', os.version: '6.3', java.version: '14'
Driver info: org.openqa.selenium.chrome.ChromeDriver
Capabilities {acceptInsecureCerts: false, browserName: chrome, browserVersion: 81.0.4044.122, chrome: {chromedriverVersion: 81.0.4044.69 (6813546031a4b..., userDataDir: C:\Users\AMG496\AppData\Loc...}, goog:chromeOptions: {debuggerAddress: localhost:57524}, javascriptEnabled: true, networkConnectionEnabled: false, pageLoadStrategy: normal, platform: WINDOWS, platformName: WINDOWS, proxy: Proxy(), setWindowRect: true, strictFileInteractability: false, timeouts: {implicit: 0, pageLoad: 300000, script: 30000}, unhandledPromptBehavior: dismiss and notify, webauthn:virtualAuthenticators: true}
Session ID: 8fbba48b6e0279baf2131c405e809858
*** Element info: {Using=xpath, value=(//div[@class='_1xP-XmXM1GGHpRKCCeOKjP'])[1]}
	at com.vis.testcases.recivemessagae.recivemessage(recivemessagae.java:50)
</failure>
    <system-err><![CDATA[Starting ChromeDriver 81.0.4044.69 (6813546031a4bc83f717a2ef7cd4ac6ec1199132-refs/branch-heads/4044@{#776}) on port 7065
Only local connections are allowed.
Please protect ports used by ChromeDriver and related test frameworks to prevent access by malicious code.
Apr 25, 2020 9:25:29 PM org.openqa.selenium.remote.ProtocolHandshake createSession
INFO: Detected dialect: W3C
[1587842730.629][SEVERE]: Timed out receiving message from renderer: 0.100
[1587842730.730][SEVERE]: Timed out receiving message from renderer: 0.100
[1587842730.832][SEVERE]: Timed out receiving message from renderer: 0.100
[1587842730.934][SEVERE]: Timed out receiving message from renderer: 0.100
[1587842731.037][SEVERE]: Timed out receiving message from renderer: 0.100
[1587842731.140][SEVERE]: Timed out receiving message from renderer: 0.100
]]></system-err>
  </testcase>
</testsuite>